2019-04-18 14:54:12,260 : INFO : __main__ : Initialize ML Bot 1 ...
2019-04-18 14:54:12,322 : INFO : __main__ : Initialize Data Loader ...
2019-04-18 14:54:12,322 : INFO : __main__ : Initialize preprocessing ...
2019-04-18 14:54:12,322 : INFO : __main__ : input data file : ../unprocessed/bank-additional-full.csv
2019-04-18 14:54:12,482 : INFO : __main__ : Data Frame Initial Details
2019-04-18 14:54:12,482 : INFO : __main__ : Column name          Total      Proper     Missing    Missing % 
2019-04-18 14:54:12,485 : INFO : __main__ : age                  41188      41188      0                     0.00
2019-04-18 14:54:12,490 : INFO : __main__ : job                  41188      41188      0                     0.00
2019-04-18 14:54:12,500 : INFO : __main__ : marital              41188      41188      0                     0.00
2019-04-18 14:54:12,506 : INFO : __main__ : education            41188      41188      0                     0.00
2019-04-18 14:54:12,511 : INFO : __main__ : default              41188      41188      0                     0.00
2019-04-18 14:54:12,516 : INFO : __main__ : housing              41188      41188      0                     0.00
2019-04-18 14:54:12,521 : INFO : __main__ : loan                 41188      41188      0                     0.00
2019-04-18 14:54:12,526 : INFO : __main__ : contact              41188      41188      0                     0.00
2019-04-18 14:54:12,531 : INFO : __main__ : month                41188      41188      0                     0.00
2019-04-18 14:54:12,536 : INFO : __main__ : day_of_week          41188      41188      0                     0.00
2019-04-18 14:54:12,538 : INFO : __main__ : duration             41188      41188      0                     0.00
2019-04-18 14:54:12,539 : INFO : __main__ : campaign             41188      41188      0                     0.00
2019-04-18 14:54:12,541 : INFO : __main__ : pdays                41188      41188      0                     0.00
2019-04-18 14:54:12,543 : INFO : __main__ : previous             41188      41188      0                     0.00
2019-04-18 14:54:12,548 : INFO : __main__ : poutcome             41188      41188      0                     0.00
2019-04-18 14:54:12,550 : INFO : __main__ : emp.var.rate         41188      41188      0                     0.00
2019-04-18 14:54:12,551 : INFO : __main__ : cons.price.idx       41188      41188      0                     0.00
2019-04-18 14:54:12,553 : INFO : __main__ : cons.conf.idx        41188      41188      0                     0.00
2019-04-18 14:54:12,555 : INFO : __main__ : euribor3m            41188      41188      0                     0.00
2019-04-18 14:54:12,557 : INFO : __main__ : nr.employed          41188      41188      0                     0.00
2019-04-18 14:54:12,562 : INFO : __main__ : y                    41188      41188      0                     0.00
